[ 2017-02-20T21:34:41+08:00 ] 127.0.0.1 /admin/index/index
INFO: [ app_init ] --START--
INFO: Run Behavior\BuildLiteBehavior [ RunTime:0.001000s ]
INFO: [ app_init ] --END-- [ RunTime:0.010001s ]
INFO: [ app_begin ] --START--
INFO: Run Behavior\ReadHtmlCacheBehavior [ RunTime:0.018001s ]
INFO: [ app_begin ] --END-- [ RunTime:0.018001s ]

[ 2017-02-20T21:35:17+08:00 ] 127.0.0.1 /admin/index/index
INFO: [ app_init ] --START--
INFO: Run Behavior\BuildLiteBehavior [ RunTime:0.000000s ]
INFO: [ app_init ] --END-- [ RunTime:0.004001s ]
INFO: [ app_begin ] --START--
INFO: Run Behavior\ReadHtmlCacheBehavior [ RunTime:0.001000s ]
INFO: [ app_begin ] --END-- [ RunTime:0.001000s ]
NOTIC: [8] Use of undefined constant menuid - assumed 'menuid' D:\amp\htdocs\basic\App\Admin\Service\IndexService.class.php 第 16 行.
NOTIC: [8] Use of undefined constant imgUrl1 - assumed 'imgUrl1' D:\amp\htdocs\basic\App\Admin\Service\IndexService.class.php 第 17 行.
NOTIC: [8] Use of undefined constant name1 - assumed 'name1' D:\amp\htdocs\basic\App\Admin\Service\IndexService.class.php 第 17 行.
NOTIC: [8] Use of undefined constant imgUrl2 - assumed 'imgUrl2' D:\amp\htdocs\basic\App\Admin\Service\IndexService.class.php 第 18 行.
NOTIC: [8] Use of undefined constant name2 - assumed 'name2' D:\amp\htdocs\basic\App\Admin\Service\IndexService.class.php 第 18 行.
NOTIC: [8] Use of undefined constant menuid - assumed 'menuid' D:\amp\htdocs\basic\App\Admin\Service\IndexService.class.php 第 21 行.
NOTIC: [8] Use of undefined constant imgUrl1 - assumed 'imgUrl1' D:\amp\htdocs\basic\App\Admin\Service\IndexService.class.php 第 22 行.
NOTIC: [8] Use of undefined constant name1 - assumed 'name1' D:\amp\htdocs\basic\App\Admin\Service\IndexService.class.php 第 22 行.
NOTIC: [8] Use of undefined constant imgUrl2 - assumed 'imgUrl2' D:\amp\htdocs\basic\App\Admin\Service\IndexService.class.php 第 23 行.
NOTIC: [8] Use of undefined constant name2 - assumed 'name2' D:\amp\htdocs\basic\App\Admin\Service\IndexService.class.php 第 23 行.
NOTIC: [8] Use of undefined constant menuid - assumed 'menuid' D:\amp\htdocs\basic\App\Admin\Service\IndexService.class.php 第 26 行.
NOTIC: [8] Use of undefined constant imgUrl1 - assumed 'imgUrl1' D:\amp\htdocs\basic\App\Admin\Service\IndexService.class.php 第 27 行.
NOTIC: [8] Use of undefined constant name1 - assumed 'name1' D:\amp\htdocs\basic\App\Admin\Service\IndexService.class.php 第 27 行.
NOTIC: [8] Use of undefined constant imgUrl2 - assumed 'imgUrl2' D:\amp\htdocs\basic\App\Admin\Service\IndexService.class.php 第 28 行.
NOTIC: [8] Use of undefined constant name2 - assumed 'name2' D:\amp\htdocs\basic\App\Admin\Service\IndexService.class.php 第 28 行.

[ 2017-02-20T21:38:21+08:00 ] 127.0.0.1 /admin/index/index
INFO: [ app_init ] --START--
INFO: Run Behavior\BuildLiteBehavior [ RunTime:0.001000s ]
INFO: [ app_init ] --END-- [ RunTime:0.001000s ]
INFO: [ app_begin ] --START--
INFO: Run Behavior\ReadHtmlCacheBehavior [ RunTime:0.001000s ]
INFO: [ app_begin ] --END-- [ RunTime:0.001000s ]
NOTIC: [8] Use of undefined constant menuid - assumed 'menuid' D:\amp\htdocs\basic\App\Admin\Service\IndexService.class.php 第 16 行.
NOTIC: [8] Use of undefined constant imgUrl1 - assumed 'imgUrl1' D:\amp\htdocs\basic\App\Admin\Service\IndexService.class.php 第 17 行.
NOTIC: [8] Use of undefined constant name1 - assumed 'name1' D:\amp\htdocs\basic\App\Admin\Service\IndexService.class.php 第 17 行.
NOTIC: [8] Use of undefined constant imgUrl2 - assumed 'imgUrl2' D:\amp\htdocs\basic\App\Admin\Service\IndexService.class.php 第 18 行.
NOTIC: [8] Use of undefined constant name2 - assumed 'name2' D:\amp\htdocs\basic\App\Admin\Service\IndexService.class.php 第 18 行.
NOTIC: [8] Use of undefined constant menuid - assumed 'menuid' D:\amp\htdocs\basic\App\Admin\Service\IndexService.class.php 第 21 行.
NOTIC: [8] Use of undefined constant imgUrl1 - assumed 'imgUrl1' D:\amp\htdocs\basic\App\Admin\Service\IndexService.class.php 第 22 行.
NOTIC: [8] Use of undefined constant name1 - assumed 'name1' D:\amp\htdocs\basic\App\Admin\Service\IndexService.class.php 第 22 行.
NOTIC: [8] Use of undefined constant imgUrl2 - assumed 'imgUrl2' D:\amp\htdocs\basic\App\Admin\Service\IndexService.class.php 第 23 行.
NOTIC: [8] Use of undefined constant name2 - assumed 'name2' D:\amp\htdocs\basic\App\Admin\Service\IndexService.class.php 第 23 行.
NOTIC: [8] Use of undefined constant menuid - assumed 'menuid' D:\amp\htdocs\basic\App\Admin\Service\IndexService.class.php 第 26 行.
NOTIC: [8] Use of undefined constant imgUrl1 - assumed 'imgUrl1' D:\amp\htdocs\basic\App\Admin\Service\IndexService.class.php 第 27 行.
NOTIC: [8] Use of undefined constant name1 - assumed 'name1' D:\amp\htdocs\basic\App\Admin\Service\IndexService.class.php 第 27 行.
NOTIC: [8] Use of undefined constant imgUrl2 - assumed 'imgUrl2' D:\amp\htdocs\basic\App\Admin\Service\IndexService.class.php 第 28 行.
NOTIC: [8] Use of undefined constant name2 - assumed 'name2' D:\amp\htdocs\basic\App\Admin\Service\IndexService.class.php 第 28 行.

[ 2017-02-20T21:38:30+08:00 ] 127.0.0.1 /admin/index/index
INFO: [ app_init ] --START--
INFO: Run Behavior\BuildLiteBehavior [ RunTime:0.000000s ]
INFO: [ app_init ] --END-- [ RunTime:0.001000s ]
INFO: [ app_begin ] --START--
INFO: Run Behavior\ReadHtmlCacheBehavior [ RunTime:0.001000s ]
INFO: [ app_begin ] --END-- [ RunTime:0.001000s ]
NOTIC: [8] Use of undefined constant menuid - assumed 'menuid' D:\amp\htdocs\basic\App\Admin\Service\IndexService.class.php 第 16 行.
NOTIC: [8] Use of undefined constant imgUrl1 - assumed 'imgUrl1' D:\amp\htdocs\basic\App\Admin\Service\IndexService.class.php 第 17 行.
NOTIC: [8] Use of undefined constant name1 - assumed 'name1' D:\amp\htdocs\basic\App\Admin\Service\IndexService.class.php 第 17 行.
NOTIC: [8] Use of undefined constant imgUrl2 - assumed 'imgUrl2' D:\amp\htdocs\basic\App\Admin\Service\IndexService.class.php 第 18 行.
NOTIC: [8] Use of undefined constant name2 - assumed 'name2' D:\amp\htdocs\basic\App\Admin\Service\IndexService.class.php 第 18 行.
NOTIC: [8] Use of undefined constant menuid - assumed 'menuid' D:\amp\htdocs\basic\App\Admin\Service\IndexService.class.php 第 21 行.
NOTIC: [8] Use of undefined constant imgUrl1 - assumed 'imgUrl1' D:\amp\htdocs\basic\App\Admin\Service\IndexService.class.php 第 22 行.
NOTIC: [8] Use of undefined constant name1 - assumed 'name1' D:\amp\htdocs\basic\App\Admin\Service\IndexService.class.php 第 22 行.
NOTIC: [8] Use of undefined constant imgUrl2 - assumed 'imgUrl2' D:\amp\htdocs\basic\App\Admin\Service\IndexService.class.php 第 23 行.
NOTIC: [8] Use of undefined constant name2 - assumed 'name2' D:\amp\htdocs\basic\App\Admin\Service\IndexService.class.php 第 23 行.
NOTIC: [8] Use of undefined constant menuid - assumed 'menuid' D:\amp\htdocs\basic\App\Admin\Service\IndexService.class.php 第 26 行.
NOTIC: [8] Use of undefined constant imgUrl1 - assumed 'imgUrl1' D:\amp\htdocs\basic\App\Admin\Service\IndexService.class.php 第 27 行.
NOTIC: [8] Use of undefined constant name1 - assumed 'name1' D:\amp\htdocs\basic\App\Admin\Service\IndexService.class.php 第 27 行.
NOTIC: [8] Use of undefined constant imgUrl2 - assumed 'imgUrl2' D:\amp\htdocs\basic\App\Admin\Service\IndexService.class.php 第 28 行.
NOTIC: [8] Use of undefined constant name2 - assumed 'name2' D:\amp\htdocs\basic\App\Admin\Service\IndexService.class.php 第 28 行.

[ 2017-02-20T21:38:36+08:00 ] 127.0.0.1 /admin/index/index
INFO: [ app_init ] --START--
INFO: Run Behavior\BuildLiteBehavior [ RunTime:0.000000s ]
INFO: [ app_init ] --END-- [ RunTime:0.001000s ]
INFO: [ app_begin ] --START--
INFO: Run Behavior\ReadHtmlCacheBehavior [ RunTime:0.001000s ]
INFO: [ app_begin ] --END-- [ RunTime:0.001000s ]
NOTIC: [8] Use of undefined constant menuid - assumed 'menuid' D:\amp\htdocs\basic\App\Admin\Service\IndexService.class.php 第 16 行.
NOTIC: [8] Use of undefined constant imgUrl1 - assumed 'imgUrl1' D:\amp\htdocs\basic\App\Admin\Service\IndexService.class.php 第 17 行.
NOTIC: [8] Use of undefined constant name1 - assumed 'name1' D:\amp\htdocs\basic\App\Admin\Service\IndexService.class.php 第 17 行.
NOTIC: [8] Use of undefined constant imgUrl2 - assumed 'imgUrl2' D:\amp\htdocs\basic\App\Admin\Service\IndexService.class.php 第 18 行.
NOTIC: [8] Use of undefined constant name2 - assumed 'name2' D:\amp\htdocs\basic\App\Admin\Service\IndexService.class.php 第 18 行.
NOTIC: [8] Use of undefined constant menuid - assumed 'menuid' D:\amp\htdocs\basic\App\Admin\Service\IndexService.class.php 第 21 行.
NOTIC: [8] Use of undefined constant imgUrl1 - assumed 'imgUrl1' D:\amp\htdocs\basic\App\Admin\Service\IndexService.class.php 第 22 行.
NOTIC: [8] Use of undefined constant name1 - assumed 'name1' D:\amp\htdocs\basic\App\Admin\Service\IndexService.class.php 第 22 行.
NOTIC: [8] Use of undefined constant imgUrl2 - assumed 'imgUrl2' D:\amp\htdocs\basic\App\Admin\Service\IndexService.class.php 第 23 行.
NOTIC: [8] Use of undefined constant name2 - assumed 'name2' D:\amp\htdocs\basic\App\Admin\Service\IndexService.class.php 第 23 行.
NOTIC: [8] Use of undefined constant menuid - assumed 'menuid' D:\amp\htdocs\basic\App\Admin\Service\IndexService.class.php 第 26 行.
NOTIC: [8] Use of undefined constant imgUrl1 - assumed 'imgUrl1' D:\amp\htdocs\basic\App\Admin\Service\IndexService.class.php 第 27 行.
NOTIC: [8] Use of undefined constant name1 - assumed 'name1' D:\amp\htdocs\basic\App\Admin\Service\IndexService.class.php 第 27 行.
NOTIC: [8] Use of undefined constant imgUrl2 - assumed 'imgUrl2' D:\amp\htdocs\basic\App\Admin\Service\IndexService.class.php 第 28 行.
NOTIC: [8] Use of undefined constant name2 - assumed 'name2' D:\amp\htdocs\basic\App\Admin\Service\IndexService.class.php 第 28 行.

[ 2017-02-20T21:39:07+08:00 ] 127.0.0.1 /admin/index/index
INFO: [ app_init ] --START--
INFO: Run Behavior\BuildLiteBehavior [ RunTime:0.000000s ]
INFO: [ app_init ] --END-- [ RunTime:0.000000s ]
INFO: [ app_begin ] --START--
INFO: Run Behavior\ReadHtmlCacheBehavior [ RunTime:0.000000s ]
INFO: [ app_begin ] --END-- [ RunTime:0.000000s ]
NOTIC: [8] Use of undefined constant menuid - assumed 'menuid' D:\amp\htdocs\basic\App\Admin\Service\IndexService.class.php 第 16 行.
NOTIC: [8] Use of undefined constant imgUrl1 - assumed 'imgUrl1' D:\amp\htdocs\basic\App\Admin\Service\IndexService.class.php 第 17 行.
NOTIC: [8] Use of undefined constant name1 - assumed 'name1' D:\amp\htdocs\basic\App\Admin\Service\IndexService.class.php 第 17 行.
NOTIC: [8] Use of undefined constant imgUrl2 - assumed 'imgUrl2' D:\amp\htdocs\basic\App\Admin\Service\IndexService.class.php 第 18 行.
NOTIC: [8] Use of undefined constant name2 - assumed 'name2' D:\amp\htdocs\basic\App\Admin\Service\IndexService.class.php 第 18 行.
NOTIC: [8] Use of undefined constant menuid - assumed 'menuid' D:\amp\htdocs\basic\App\Admin\Service\IndexService.class.php 第 21 行.
NOTIC: [8] Use of undefined constant imgUrl1 - assumed 'imgUrl1' D:\amp\htdocs\basic\App\Admin\Service\IndexService.class.php 第 22 行.
NOTIC: [8] Use of undefined constant name1 - assumed 'name1' D:\amp\htdocs\basic\App\Admin\Service\IndexService.class.php 第 22 行.
NOTIC: [8] Use of undefined constant imgUrl2 - assumed 'imgUrl2' D:\amp\htdocs\basic\App\Admin\Service\IndexService.class.php 第 23 行.
NOTIC: [8] Use of undefined constant name2 - assumed 'name2' D:\amp\htdocs\basic\App\Admin\Service\IndexService.class.php 第 23 行.
NOTIC: [8] Use of undefined constant menuid - assumed 'menuid' D:\amp\htdocs\basic\App\Admin\Service\IndexService.class.php 第 26 行.
NOTIC: [8] Use of undefined constant imgUrl1 - assumed 'imgUrl1' D:\amp\htdocs\basic\App\Admin\Service\IndexService.class.php 第 27 行.
NOTIC: [8] Use of undefined constant name1 - assumed 'name1' D:\amp\htdocs\basic\App\Admin\Service\IndexService.class.php 第 27 行.
NOTIC: [8] Use of undefined constant imgUrl2 - assumed 'imgUrl2' D:\amp\htdocs\basic\App\Admin\Service\IndexService.class.php 第 28 行.
NOTIC: [8] Use of undefined constant name2 - assumed 'name2' D:\amp\htdocs\basic\App\Admin\Service\IndexService.class.php 第 28 行.

[ 2017-02-20T21:39:48+08:00 ] 127.0.0.1 /admin/index/index
INFO: [ app_init ] --START--
INFO: Run Behavior\BuildLiteBehavior [ RunTime:0.000000s ]
INFO: [ app_init ] --END-- [ RunTime:0.001000s ]
INFO: [ app_begin ] --START--
INFO: Run Behavior\ReadHtmlCacheBehavior [ RunTime:0.001000s ]
INFO: [ app_begin ] --END-- [ RunTime:0.001000s ]
NOTIC: [8] Use of undefined constant menuid - assumed 'menuid' D:\amp\htdocs\basic\App\Admin\Service\IndexService.class.php 第 16 行.
NOTIC: [8] Use of undefined constant imgUrl1 - assumed 'imgUrl1' D:\amp\htdocs\basic\App\Admin\Service\IndexService.class.php 第 17 行.
NOTIC: [8] Use of undefined constant name1 - assumed 'name1' D:\amp\htdocs\basic\App\Admin\Service\IndexService.class.php 第 17 行.
NOTIC: [8] Use of undefined constant imgUrl2 - assumed 'imgUrl2' D:\amp\htdocs\basic\App\Admin\Service\IndexService.class.php 第 18 行.
NOTIC: [8] Use of undefined constant name2 - assumed 'name2' D:\amp\htdocs\basic\App\Admin\Service\IndexService.class.php 第 18 行.
NOTIC: [8] Use of undefined constant menuid - assumed 'menuid' D:\amp\htdocs\basic\App\Admin\Service\IndexService.class.php 第 21 行.
NOTIC: [8] Use of undefined constant imgUrl1 - assumed 'imgUrl1' D:\amp\htdocs\basic\App\Admin\Service\IndexService.class.php 第 22 行.
NOTIC: [8] Use of undefined constant name1 - assumed 'name1' D:\amp\htdocs\basic\App\Admin\Service\IndexService.class.php 第 22 行.
NOTIC: [8] Use of undefined constant imgUrl2 - assumed 'imgUrl2' D:\amp\htdocs\basic\App\Admin\Service\IndexService.class.php 第 23 行.
NOTIC: [8] Use of undefined constant name2 - assumed 'name2' D:\amp\htdocs\basic\App\Admin\Service\IndexService.class.php 第 23 行.
NOTIC: [8] Use of undefined constant menuid - assumed 'menuid' D:\amp\htdocs\basic\App\Admin\Service\IndexService.class.php 第 26 行.
NOTIC: [8] Use of undefined constant imgUrl1 - assumed 'imgUrl1' D:\amp\htdocs\basic\App\Admin\Service\IndexService.class.php 第 27 行.
NOTIC: [8] Use of undefined constant name1 - assumed 'name1' D:\amp\htdocs\basic\App\Admin\Service\IndexService.class.php 第 27 行.
NOTIC: [8] Use of undefined constant imgUrl2 - assumed 'imgUrl2' D:\amp\htdocs\basic\App\Admin\Service\IndexService.class.php 第 28 行.
NOTIC: [8] Use of undefined constant name2 - assumed 'name2' D:\amp\htdocs\basic\App\Admin\Service\IndexService.class.php 第 28 行.

[ 2017-02-20T21:40:20+08:00 ] 127.0.0.1 /admin/index/index
INFO: [ app_init ] --START--
INFO: Run Behavior\BuildLiteBehavior [ RunTime:0.000000s ]
INFO: [ app_init ] --END-- [ RunTime:0.000000s ]
INFO: [ app_begin ] --START--
INFO: Run Behavior\ReadHtmlCacheBehavior [ RunTime:0.001000s ]
INFO: [ app_begin ] --END-- [ RunTime:0.001000s ]
NOTIC: [8] Use of undefined constant menuid - assumed 'menuid' D:\amp\htdocs\basic\App\Admin\Service\IndexService.class.php 第 16 行.
NOTIC: [8] Use of undefined constant imgUrl1 - assumed 'imgUrl1' D:\amp\htdocs\basic\App\Admin\Service\IndexService.class.php 第 17 行.
NOTIC: [8] Use of undefined constant name1 - assumed 'name1' D:\amp\htdocs\basic\App\Admin\Service\IndexService.class.php 第 17 行.
NOTIC: [8] Use of undefined constant imgUrl2 - assumed 'imgUrl2' D:\amp\htdocs\basic\App\Admin\Service\IndexService.class.php 第 18 行.
NOTIC: [8] Use of undefined constant name2 - assumed 'name2' D:\amp\htdocs\basic\App\Admin\Service\IndexService.class.php 第 18 行.
NOTIC: [8] Use of undefined constant menuid - assumed 'menuid' D:\amp\htdocs\basic\App\Admin\Service\IndexService.class.php 第 21 行.
NOTIC: [8] Use of undefined constant imgUrl1 - assumed 'imgUrl1' D:\amp\htdocs\basic\App\Admin\Service\IndexService.class.php 第 22 行.
NOTIC: [8] Use of undefined constant name1 - assumed 'name1' D:\amp\htdocs\basic\App\Admin\Service\IndexService.class.php 第 22 行.
NOTIC: [8] Use of undefined constant imgUrl2 - assumed 'imgUrl2' D:\amp\htdocs\basic\App\Admin\Service\IndexService.class.php 第 23 行.
NOTIC: [8] Use of undefined constant name2 - assumed 'name2' D:\amp\htdocs\basic\App\Admin\Service\IndexService.class.php 第 23 行.
NOTIC: [8] Use of undefined constant menuid - assumed 'menuid' D:\amp\htdocs\basic\App\Admin\Service\IndexService.class.php 第 26 行.
NOTIC: [8] Use of undefined constant imgUrl1 - assumed 'imgUrl1' D:\amp\htdocs\basic\App\Admin\Service\IndexService.class.php 第 27 行.
NOTIC: [8] Use of undefined constant name1 - assumed 'name1' D:\amp\htdocs\basic\App\Admin\Service\IndexService.class.php 第 27 行.
NOTIC: [8] Use of undefined constant imgUrl2 - assumed 'imgUrl2' D:\amp\htdocs\basic\App\Admin\Service\IndexService.class.php 第 28 行.
NOTIC: [8] Use of undefined constant name2 - assumed 'name2' D:\amp\htdocs\basic\App\Admin\Service\IndexService.class.php 第 28 行.

[ 2017-02-20T21:40:40+08:00 ] 127.0.0.1 /admin/index/index
INFO: [ app_init ] --START--
INFO: Run Behavior\BuildLiteBehavior [ RunTime:0.000000s ]
INFO: [ app_init ] --END-- [ RunTime:0.000000s ]
INFO: [ app_begin ] --START--
INFO: Run Behavior\ReadHtmlCacheBehavior [ RunTime:0.001000s ]
INFO: [ app_begin ] --END-- [ RunTime:0.001000s ]
NOTIC: [8] Use of undefined constant menuid - assumed 'menuid' D:\amp\htdocs\basic\App\Admin\Service\IndexService.class.php 第 16 行.
NOTIC: [8] Use of undefined constant imgUrl1 - assumed 'imgUrl1' D:\amp\htdocs\basic\App\Admin\Service\IndexService.class.php 第 17 行.
NOTIC: [8] Use of undefined constant name1 - assumed 'name1' D:\amp\htdocs\basic\App\Admin\Service\IndexService.class.php 第 17 行.
NOTIC: [8] Use of undefined constant imgUrl2 - assumed 'imgUrl2' D:\amp\htdocs\basic\App\Admin\Service\IndexService.class.php 第 18 行.
NOTIC: [8] Use of undefined constant name2 - assumed 'name2' D:\amp\htdocs\basic\App\Admin\Service\IndexService.class.php 第 18 行.
NOTIC: [8] Use of undefined constant menuid - assumed 'menuid' D:\amp\htdocs\basic\App\Admin\Service\IndexService.class.php 第 21 行.
NOTIC: [8] Use of undefined constant imgUrl1 - assumed 'imgUrl1' D:\amp\htdocs\basic\App\Admin\Service\IndexService.class.php 第 22 行.
NOTIC: [8] Use of undefined constant name1 - assumed 'name1' D:\amp\htdocs\basic\App\Admin\Service\IndexService.class.php 第 22 行.
NOTIC: [8] Use of undefined constant imgUrl2 - assumed 'imgUrl2' D:\amp\htdocs\basic\App\Admin\Service\IndexService.class.php 第 23 行.
NOTIC: [8] Use of undefined constant name2 - assumed 'name2' D:\amp\htdocs\basic\App\Admin\Service\IndexService.class.php 第 23 行.
NOTIC: [8] Use of undefined constant menuid - assumed 'menuid' D:\amp\htdocs\basic\App\Admin\Service\IndexService.class.php 第 26 行.
NOTIC: [8] Use of undefined constant imgUrl1 - assumed 'imgUrl1' D:\amp\htdocs\basic\App\Admin\Service\IndexService.class.php 第 27 行.
NOTIC: [8] Use of undefined constant name1 - assumed 'name1' D:\amp\htdocs\basic\App\Admin\Service\IndexService.class.php 第 27 行.
NOTIC: [8] Use of undefined constant imgUrl2 - assumed 'imgUrl2' D:\amp\htdocs\basic\App\Admin\Service\IndexService.class.php 第 28 行.
NOTIC: [8] Use of undefined constant name2 - assumed 'name2' D:\amp\htdocs\basic\App\Admin\Service\IndexService.class.php 第 28 行.

[ 2017-02-20T21:40:58+08:00 ] 127.0.0.1 /admin/index/index
INFO: [ app_init ] --START--
INFO: Run Behavior\BuildLiteBehavior [ RunTime:0.000000s ]
INFO: [ app_init ] --END-- [ RunTime:0.001000s ]
INFO: [ app_begin ] --START--
INFO: Run Behavior\ReadHtmlCacheBehavior [ RunTime:0.000000s ]
INFO: [ app_begin ] --END-- [ RunTime:0.000000s ]
NOTIC: [8] Use of undefined constant menuid - assumed 'menuid' D:\amp\htdocs\basic\App\Admin\Service\IndexService.class.php 第 16 行.
NOTIC: [8] Use of undefined constant imgUrl1 - assumed 'imgUrl1' D:\amp\htdocs\basic\App\Admin\Service\IndexService.class.php 第 17 行.
NOTIC: [8] Use of undefined constant name1 - assumed 'name1' D:\amp\htdocs\basic\App\Admin\Service\IndexService.class.php 第 17 行.
NOTIC: [8] Use of undefined constant imgUrl2 - assumed 'imgUrl2' D:\amp\htdocs\basic\App\Admin\Service\IndexService.class.php 第 18 行.
NOTIC: [8] Use of undefined constant name2 - assumed 'name2' D:\amp\htdocs\basic\App\Admin\Service\IndexService.class.php 第 18 行.
NOTIC: [8] Use of undefined constant menuid - assumed 'menuid' D:\amp\htdocs\basic\App\Admin\Service\IndexService.class.php 第 21 行.
NOTIC: [8] Use of undefined constant imgUrl1 - assumed 'imgUrl1' D:\amp\htdocs\basic\App\Admin\Service\IndexService.class.php 第 22 行.
NOTIC: [8] Use of undefined constant name1 - assumed 'name1' D:\amp\htdocs\basic\App\Admin\Service\IndexService.class.php 第 22 行.
NOTIC: [8] Use of undefined constant imgUrl2 - assumed 'imgUrl2' D:\amp\htdocs\basic\App\Admin\Service\IndexService.class.php 第 23 行.
NOTIC: [8] Use of undefined constant name2 - assumed 'name2' D:\amp\htdocs\basic\App\Admin\Service\IndexService.class.php 第 23 行.
NOTIC: [8] Use of undefined constant menuid - assumed 'menuid' D:\amp\htdocs\basic\App\Admin\Service\IndexService.class.php 第 26 行.
NOTIC: [8] Use of undefined constant imgUrl1 - assumed 'imgUrl1' D:\amp\htdocs\basic\App\Admin\Service\IndexService.class.php 第 27 行.
NOTIC: [8] Use of undefined constant name1 - assumed 'name1' D:\amp\htdocs\basic\App\Admin\Service\IndexService.class.php 第 27 行.
NOTIC: [8] Use of undefined constant imgUrl2 - assumed 'imgUrl2' D:\amp\htdocs\basic\App\Admin\Service\IndexService.class.php 第 28 行.
NOTIC: [8] Use of undefined constant name2 - assumed 'name2' D:\amp\htdocs\basic\App\Admin\Service\IndexService.class.php 第 28 行.

[ 2017-02-20T21:41:14+08:00 ] 127.0.0.1 /admin/index/index
INFO: [ app_init ] --START--
INFO: Run Behavior\BuildLiteBehavior [ RunTime:0.000000s ]
INFO: [ app_init ] --END-- [ RunTime:0.000000s ]
INFO: [ app_begin ] --START--
INFO: Run Behavior\ReadHtmlCacheBehavior [ RunTime:0.001000s ]
INFO: [ app_begin ] --END-- [ RunTime:0.001000s ]
NOTIC: [8] Use of undefined constant menuid - assumed 'menuid' D:\amp\htdocs\basic\App\Admin\Service\IndexService.class.php 第 16 行.
NOTIC: [8] Use of undefined constant imgUrl1 - assumed 'imgUrl1' D:\amp\htdocs\basic\App\Admin\Service\IndexService.class.php 第 17 行.
NOTIC: [8] Use of undefined constant name1 - assumed 'name1' D:\amp\htdocs\basic\App\Admin\Service\IndexService.class.php 第 17 行.
NOTIC: [8] Use of undefined constant imgUrl2 - assumed 'imgUrl2' D:\amp\htdocs\basic\App\Admin\Service\IndexService.class.php 第 18 行.
NOTIC: [8] Use of undefined constant name2 - assumed 'name2' D:\amp\htdocs\basic\App\Admin\Service\IndexService.class.php 第 18 行.
NOTIC: [8] Use of undefined constant menuid - assumed 'menuid' D:\amp\htdocs\basic\App\Admin\Service\IndexService.class.php 第 21 行.
NOTIC: [8] Use of undefined constant imgUrl1 - assumed 'imgUrl1' D:\amp\htdocs\basic\App\Admin\Service\IndexService.class.php 第 22 行.
NOTIC: [8] Use of undefined constant name1 - assumed 'name1' D:\amp\htdocs\basic\App\Admin\Service\IndexService.class.php 第 22 行.
NOTIC: [8] Use of undefined constant imgUrl2 - assumed 'imgUrl2' D:\amp\htdocs\basic\App\Admin\Service\IndexService.class.php 第 23 行.
NOTIC: [8] Use of undefined constant name2 - assumed 'name2' D:\amp\htdocs\basic\App\Admin\Service\IndexService.class.php 第 23 行.
NOTIC: [8] Use of undefined constant menuid - assumed 'menuid' D:\amp\htdocs\basic\App\Admin\Service\IndexService.class.php 第 26 行.
NOTIC: [8] Use of undefined constant imgUrl1 - assumed 'imgUrl1' D:\amp\htdocs\basic\App\Admin\Service\IndexService.class.php 第 27 行.
NOTIC: [8] Use of undefined constant name1 - assumed 'name1' D:\amp\htdocs\basic\App\Admin\Service\IndexService.class.php 第 27 行.
NOTIC: [8] Use of undefined constant imgUrl2 - assumed 'imgUrl2' D:\amp\htdocs\basic\App\Admin\Service\IndexService.class.php 第 28 行.
NOTIC: [8] Use of undefined constant name2 - assumed 'name2' D:\amp\htdocs\basic\App\Admin\Service\IndexService.class.php 第 28 行.

[ 2017-02-20T21:41:38+08:00 ] 127.0.0.1 /admin/index/index
INFO: [ app_init ] --START--
INFO: Run Behavior\BuildLiteBehavior [ RunTime:0.000000s ]
INFO: [ app_init ] --END-- [ RunTime:0.000000s ]
INFO: [ app_begin ] --START--
INFO: Run Behavior\ReadHtmlCacheBehavior [ RunTime:0.000000s ]
INFO: [ app_begin ] --END-- [ RunTime:0.000000s ]
NOTIC: [8] Use of undefined constant menuid - assumed 'menuid' D:\amp\htdocs\basic\App\Admin\Service\IndexService.class.php 第 16 行.
NOTIC: [8] Use of undefined constant imgUrl1 - assumed 'imgUrl1' D:\amp\htdocs\basic\App\Admin\Service\IndexService.class.php 第 17 行.
NOTIC: [8] Use of undefined constant name1 - assumed 'name1' D:\amp\htdocs\basic\App\Admin\Service\IndexService.class.php 第 17 行.
NOTIC: [8] Use of undefined constant imgUrl2 - assumed 'imgUrl2' D:\amp\htdocs\basic\App\Admin\Service\IndexService.class.php 第 18 行.
NOTIC: [8] Use of undefined constant name2 - assumed 'name2' D:\amp\htdocs\basic\App\Admin\Service\IndexService.class.php 第 18 行.
NOTIC: [8] Use of undefined constant menuid - assumed 'menuid' D:\amp\htdocs\basic\App\Admin\Service\IndexService.class.php 第 21 行.
NOTIC: [8] Use of undefined constant imgUrl1 - assumed 'imgUrl1' D:\amp\htdocs\basic\App\Admin\Service\IndexService.class.php 第 22 行.
NOTIC: [8] Use of undefined constant name1 - assumed 'name1' D:\amp\htdocs\basic\App\Admin\Service\IndexService.class.php 第 22 行.
NOTIC: [8] Use of undefined constant imgUrl2 - assumed 'imgUrl2' D:\amp\htdocs\basic\App\Admin\Service\IndexService.class.php 第 23 行.
NOTIC: [8] Use of undefined constant name2 - assumed 'name2' D:\amp\htdocs\basic\App\Admin\Service\IndexService.class.php 第 23 行.
NOTIC: [8] Use of undefined constant menuid - assumed 'menuid' D:\amp\htdocs\basic\App\Admin\Service\IndexService.class.php 第 26 行.
NOTIC: [8] Use of undefined constant imgUrl1 - assumed 'imgUrl1' D:\amp\htdocs\basic\App\Admin\Service\IndexService.class.php 第 27 行.
NOTIC: [8] Use of undefined constant name1 - assumed 'name1' D:\amp\htdocs\basic\App\Admin\Service\IndexService.class.php 第 27 行.
NOTIC: [8] Use of undefined constant imgUrl2 - assumed 'imgUrl2' D:\amp\htdocs\basic\App\Admin\Service\IndexService.class.php 第 28 行.
NOTIC: [8] Use of undefined constant name2 - assumed 'name2' D:\amp\htdocs\basic\App\Admin\Service\IndexService.class.php 第 28 行.

[ 2017-02-20T21:42:27+08:00 ] 127.0.0.1 /admin/index/index
INFO: [ app_init ] --START--
INFO: Run Behavior\BuildLiteBehavior [ RunTime:0.000000s ]
INFO: [ app_init ] --END-- [ RunTime:0.001000s ]
INFO: [ app_begin ] --START--
INFO: Run Behavior\ReadHtmlCacheBehavior [ RunTime:0.000000s ]
INFO: [ app_begin ] --END-- [ RunTime:0.001000s ]
NOTIC: [8] Use of undefined constant menuid - assumed 'menuid' D:\amp\htdocs\basic\App\Admin\Service\IndexService.class.php 第 16 行.
NOTIC: [8] Use of undefined constant imgUrl1 - assumed 'imgUrl1' D:\amp\htdocs\basic\App\Admin\Service\IndexService.class.php 第 17 行.
NOTIC: [8] Use of undefined constant name1 - assumed 'name1' D:\amp\htdocs\basic\App\Admin\Service\IndexService.class.php 第 17 行.
NOTIC: [8] Use of undefined constant imgUrl2 - assumed 'imgUrl2' D:\amp\htdocs\basic\App\Admin\Service\IndexService.class.php 第 18 行.
NOTIC: [8] Use of undefined constant name2 - assumed 'name2' D:\amp\htdocs\basic\App\Admin\Service\IndexService.class.php 第 18 行.
NOTIC: [8] Use of undefined constant menuid - assumed 'menuid' D:\amp\htdocs\basic\App\Admin\Service\IndexService.class.php 第 21 行.
NOTIC: [8] Use of undefined constant imgUrl1 - assumed 'imgUrl1' D:\amp\htdocs\basic\App\Admin\Service\IndexService.class.php 第 22 行.
NOTIC: [8] Use of undefined constant name1 - assumed 'name1' D:\amp\htdocs\basic\App\Admin\Service\IndexService.class.php 第 22 行.
NOTIC: [8] Use of undefined constant imgUrl2 - assumed 'imgUrl2' D:\amp\htdocs\basic\App\Admin\Service\IndexService.class.php 第 23 行.
NOTIC: [8] Use of undefined constant name2 - assumed 'name2' D:\amp\htdocs\basic\App\Admin\Service\IndexService.class.php 第 23 行.
NOTIC: [8] Use of undefined constant menuid - assumed 'menuid' D:\amp\htdocs\basic\App\Admin\Service\IndexService.class.php 第 26 行.
NOTIC: [8] Use of undefined constant imgUrl1 - assumed 'imgUrl1' D:\amp\htdocs\basic\App\Admin\Service\IndexService.class.php 第 27 行.
NOTIC: [8] Use of undefined constant name1 - assumed 'name1' D:\amp\htdocs\basic\App\Admin\Service\IndexService.class.php 第 27 行.
NOTIC: [8] Use of undefined constant imgUrl2 - assumed 'imgUrl2' D:\amp\htdocs\basic\App\Admin\Service\IndexService.class.php 第 28 行.
NOTIC: [8] Use of undefined constant name2 - assumed 'name2' D:\amp\htdocs\basic\App\Admin\Service\IndexService.class.php 第 28 行.

[ 2017-02-20T21:44:10+08:00 ] 127.0.0.1 /admin/index/index
INFO: [ app_init ] --START--
INFO: Run Behavior\BuildLiteBehavior [ RunTime:0.000000s ]
INFO: [ app_init ] --END-- [ RunTime:0.000000s ]
INFO: [ app_begin ] --START--
INFO: Run Behavior\ReadHtmlCacheBehavior [ RunTime:0.000000s ]
INFO: [ app_begin ] --END-- [ RunTime:0.000000s ]
NOTIC: [8] Use of undefined constant menuid - assumed 'menuid' D:\amp\htdocs\basic\App\Admin\Service\IndexService.class.php 第 16 行.
NOTIC: [8] Use of undefined constant imgUrl1 - assumed 'imgUrl1' D:\amp\htdocs\basic\App\Admin\Service\IndexService.class.php 第 17 行.
NOTIC: [8] Use of undefined constant name1 - assumed 'name1' D:\amp\htdocs\basic\App\Admin\Service\IndexService.class.php 第 17 行.
NOTIC: [8] Use of undefined constant imgUrl2 - assumed 'imgUrl2' D:\amp\htdocs\basic\App\Admin\Service\IndexService.class.php 第 18 行.
NOTIC: [8] Use of undefined constant name2 - assumed 'name2' D:\amp\htdocs\basic\App\Admin\Service\IndexService.class.php 第 18 行.
NOTIC: [8] Use of undefined constant menuid - assumed 'menuid' D:\amp\htdocs\basic\App\Admin\Service\IndexService.class.php 第 21 行.
NOTIC: [8] Use of undefined constant imgUrl1 - assumed 'imgUrl1' D:\amp\htdocs\basic\App\Admin\Service\IndexService.class.php 第 22 行.
NOTIC: [8] Use of undefined constant name1 - assumed 'name1' D:\amp\htdocs\basic\App\Admin\Service\IndexService.class.php 第 22 行.
NOTIC: [8] Use of undefined constant imgUrl2 - assumed 'imgUrl2' D:\amp\htdocs\basic\App\Admin\Service\IndexService.class.php 第 23 行.
NOTIC: [8] Use of undefined constant name2 - assumed 'name2' D:\amp\htdocs\basic\App\Admin\Service\IndexService.class.php 第 23 行.
NOTIC: [8] Use of undefined constant menuid - assumed 'menuid' D:\amp\htdocs\basic\App\Admin\Service\IndexService.class.php 第 26 行.
NOTIC: [8] Use of undefined constant imgUrl1 - assumed 'imgUrl1' D:\amp\htdocs\basic\App\Admin\Service\IndexService.class.php 第 27 行.
NOTIC: [8] Use of undefined constant name1 - assumed 'name1' D:\amp\htdocs\basic\App\Admin\Service\IndexService.class.php 第 27 行.
NOTIC: [8] Use of undefined constant imgUrl2 - assumed 'imgUrl2' D:\amp\htdocs\basic\App\Admin\Service\IndexService.class.php 第 28 行.
NOTIC: [8] Use of undefined constant name2 - assumed 'name2' D:\amp\htdocs\basic\App\Admin\Service\IndexService.class.php 第 28 行.

[ 2017-02-20T21:44:14+08:00 ] 127.0.0.1 /admin/index/index
INFO: [ app_init ] --START--
INFO: Run Behavior\BuildLiteBehavior [ RunTime:0.000000s ]
INFO: [ app_init ] --END-- [ RunTime:0.000000s ]
INFO: [ app_begin ] --START--
INFO: Run Behavior\ReadHtmlCacheBehavior [ RunTime:0.000000s ]
INFO: [ app_begin ] --END-- [ RunTime:0.000000s ]
NOTIC: [8] Use of undefined constant menuid - assumed 'menuid' D:\amp\htdocs\basic\App\Admin\Service\IndexService.class.php 第 16 行.
NOTIC: [8] Use of undefined constant imgUrl1 - assumed 'imgUrl1' D:\amp\htdocs\basic\App\Admin\Service\IndexService.class.php 第 17 行.
NOTIC: [8] Use of undefined constant name1 - assumed 'name1' D:\amp\htdocs\basic\App\Admin\Service\IndexService.class.php 第 17 行.
NOTIC: [8] Use of undefined constant imgUrl2 - assumed 'imgUrl2' D:\amp\htdocs\basic\App\Admin\Service\IndexService.class.php 第 18 行.
NOTIC: [8] Use of undefined constant name2 - assumed 'name2' D:\amp\htdocs\basic\App\Admin\Service\IndexService.class.php 第 18 行.
NOTIC: [8] Use of undefined constant menuid - assumed 'menuid' D:\amp\htdocs\basic\App\Admin\Service\IndexService.class.php 第 21 行.
NOTIC: [8] Use of undefined constant imgUrl1 - assumed 'imgUrl1' D:\amp\htdocs\basic\App\Admin\Service\IndexService.class.php 第 22 行.
NOTIC: [8] Use of undefined constant name1 - assumed 'name1' D:\amp\htdocs\basic\App\Admin\Service\IndexService.class.php 第 22 行.
NOTIC: [8] Use of undefined constant imgUrl2 - assumed 'imgUrl2' D:\amp\htdocs\basic\App\Admin\Service\IndexService.class.php 第 23 行.
NOTIC: [8] Use of undefined constant name2 - assumed 'name2' D:\amp\htdocs\basic\App\Admin\Service\IndexService.class.php 第 23 行.
NOTIC: [8] Use of undefined constant menuid - assumed 'menuid' D:\amp\htdocs\basic\App\Admin\Service\IndexService.class.php 第 26 行.
NOTIC: [8] Use of undefined constant imgUrl1 - assumed 'imgUrl1' D:\amp\htdocs\basic\App\Admin\Service\IndexService.class.php 第 27 行.
NOTIC: [8] Use of undefined constant name1 - assumed 'name1' D:\amp\htdocs\basic\App\Admin\Service\IndexService.class.php 第 27 行.
NOTIC: [8] Use of undefined constant imgUrl2 - assumed 'imgUrl2' D:\amp\htdocs\basic\App\Admin\Service\IndexService.class.php 第 28 行.
NOTIC: [8] Use of undefined constant name2 - assumed 'name2' D:\amp\htdocs\basic\App\Admin\Service\IndexService.class.php 第 28 行.

[ 2017-02-20T21:44:39+08:00 ] 127.0.0.1 /admin/index/index
INFO: [ app_init ] --START--
INFO: Run Behavior\BuildLiteBehavior [ RunTime:0.000000s ]
INFO: [ app_init ] --END-- [ RunTime:0.001000s ]
INFO: [ app_begin ] --START--
INFO: Run Behavior\ReadHtmlCacheBehavior [ RunTime:0.001000s ]
INFO: [ app_begin ] --END-- [ RunTime:0.001000s ]
NOTIC: [8] Use of undefined constant menuid - assumed 'menuid' D:\amp\htdocs\basic\App\Admin\Service\IndexService.class.php 第 16 行.
NOTIC: [8] Use of undefined constant imgUrl1 - assumed 'imgUrl1' D:\amp\htdocs\basic\App\Admin\Service\IndexService.class.php 第 17 行.
NOTIC: [8] Use of undefined constant name1 - assumed 'name1' D:\amp\htdocs\basic\App\Admin\Service\IndexService.class.php 第 17 行.
NOTIC: [8] Use of undefined constant imgUrl2 - assumed 'imgUrl2' D:\amp\htdocs\basic\App\Admin\Service\IndexService.class.php 第 18 行.
NOTIC: [8] Use of undefined constant name2 - assumed 'name2' D:\amp\htdocs\basic\App\Admin\Service\IndexService.class.php 第 18 行.
NOTIC: [8] Use of undefined constant menuid - assumed 'menuid' D:\amp\htdocs\basic\App\Admin\Service\IndexService.class.php 第 21 行.
NOTIC: [8] Use of undefined constant imgUrl1 - assumed 'imgUrl1' D:\amp\htdocs\basic\App\Admin\Service\IndexService.class.php 第 22 行.
NOTIC: [8] Use of undefined constant name1 - assumed 'name1' D:\amp\htdocs\basic\App\Admin\Service\IndexService.class.php 第 22 行.
NOTIC: [8] Use of undefined constant imgUrl2 - assumed 'imgUrl2' D:\amp\htdocs\basic\App\Admin\Service\IndexService.class.php 第 23 行.
NOTIC: [8] Use of undefined constant name2 - assumed 'name2' D:\amp\htdocs\basic\App\Admin\Service\IndexService.class.php 第 23 行.
NOTIC: [8] Use of undefined constant menuid - assumed 'menuid' D:\amp\htdocs\basic\App\Admin\Service\IndexService.class.php 第 26 行.
NOTIC: [8] Use of undefined constant imgUrl1 - assumed 'imgUrl1' D:\amp\htdocs\basic\App\Admin\Service\IndexService.class.php 第 27 行.
NOTIC: [8] Use of undefined constant name1 - assumed 'name1' D:\amp\htdocs\basic\App\Admin\Service\IndexService.class.php 第 27 行.
NOTIC: [8] Use of undefined constant imgUrl2 - assumed 'imgUrl2' D:\amp\htdocs\basic\App\Admin\Service\IndexService.class.php 第 28 行.
NOTIC: [8] Use of undefined constant name2 - assumed 'name2' D:\amp\htdocs\basic\App\Admin\Service\IndexService.class.php 第 28 行.

[ 2017-02-20T21:45:25+08:00 ] 127.0.0.1 /admin/index/index
INFO: [ app_init ] --START--
INFO: Run Behavior\BuildLiteBehavior [ RunTime:0.000000s ]
INFO: [ app_init ] --END-- [ RunTime:0.000000s ]
INFO: [ app_begin ] --START--
INFO: Run Behavior\ReadHtmlCacheBehavior [ RunTime:0.000000s ]
INFO: [ app_begin ] --END-- [ RunTime:0.000000s ]
NOTIC: [8] Use of undefined constant menuid - assumed 'menuid' D:\amp\htdocs\basic\App\Admin\Service\IndexService.class.php 第 16 行.
NOTIC: [8] Use of undefined constant imgUrl1 - assumed 'imgUrl1' D:\amp\htdocs\basic\App\Admin\Service\IndexService.class.php 第 17 行.
NOTIC: [8] Use of undefined constant name1 - assumed 'name1' D:\amp\htdocs\basic\App\Admin\Service\IndexService.class.php 第 17 行.
NOTIC: [8] Use of undefined constant imgUrl2 - assumed 'imgUrl2' D:\amp\htdocs\basic\App\Admin\Service\IndexService.class.php 第 18 行.
NOTIC: [8] Use of undefined constant name2 - assumed 'name2' D:\amp\htdocs\basic\App\Admin\Service\IndexService.class.php 第 18 行.
NOTIC: [8] Use of undefined constant menuid - assumed 'menuid' D:\amp\htdocs\basic\App\Admin\Service\IndexService.class.php 第 21 行.
NOTIC: [8] Use of undefined constant imgUrl1 - assumed 'imgUrl1' D:\amp\htdocs\basic\App\Admin\Service\IndexService.class.php 第 22 行.
NOTIC: [8] Use of undefined constant name1 - assumed 'name1' D:\amp\htdocs\basic\App\Admin\Service\IndexService.class.php 第 22 行.
NOTIC: [8] Use of undefined constant imgUrl2 - assumed 'imgUrl2' D:\amp\htdocs\basic\App\Admin\Service\IndexService.class.php 第 23 行.
NOTIC: [8] Use of undefined constant name2 - assumed 'name2' D:\amp\htdocs\basic\App\Admin\Service\IndexService.class.php 第 23 行.
NOTIC: [8] Use of undefined constant menuid - assumed 'menuid' D:\amp\htdocs\basic\App\Admin\Service\IndexService.class.php 第 26 行.
NOTIC: [8] Use of undefined constant imgUrl1 - assumed 'imgUrl1' D:\amp\htdocs\basic\App\Admin\Service\IndexService.class.php 第 27 行.
NOTIC: [8] Use of undefined constant name1 - assumed 'name1' D:\amp\htdocs\basic\App\Admin\Service\IndexService.class.php 第 27 行.
NOTIC: [8] Use of undefined constant imgUrl2 - assumed 'imgUrl2' D:\amp\htdocs\basic\App\Admin\Service\IndexService.class.php 第 28 行.
NOTIC: [8] Use of undefined constant name2 - assumed 'name2' D:\amp\htdocs\basic\App\Admin\Service\IndexService.class.php 第 28 行.

